<?xml version="1.0" encoding="UTF-8"?>
<testsuite name="models.PostTest" tests="4" skipped="0" failures="0" errors="0" timestamp="2020-12-12T20:49:12" hostname="LTTECH2007" time="0.007">
  <properties/>
  <testcase name="PostInstantiatesWithContent_true" classname="models.PostTest" time="0.005"/>
  <testcase name="AllPostsAreCorrectlyReturned_true" classname="models.PostTest" time="0.0"/>
  <testcase name="AllPostsContainsAllPosts_true" classname="models.PostTest" time="0.001"/>
  <testcase name="NewPostObjectGetsCorrectlyCreated_true" classname="models.PostTest" time="0.0"/>
  <system-out><![CDATA[]]></system-out>
  <system-err><![CDATA[]]></system-err>
</testsuite>
